==============================================================================
Tests                                                                         
==============================================================================
Tests.3.Geek :: Geek Test Suite                                               
==============================================================================
Be a Geek                                                               
  Traceback (most recent call last):
    ~~~~~~~~~~~~~~~~~~~~~~~~~~~~~~~~~~~~~~~~~~~~~~~~~~~~~~~~~~~~~~~~~~~~~~~~~~
    File  D:\OneDrive - Novabase\Documents\1.AutomaticTests\robot_framework--advanced\Frontend\tests\3.Geek.robot:14
    T:  Be a Geek    
    ~~~~~~~~~~~~~~~~~~~~~~~~~~~~~~~~~~~~~~~~~~~~~~~~~~~~~~~~~~~~~~~~~~~~~~~~~~
    File  D:\OneDrive - Novabase\Documents\1.AutomaticTests\robot_framework--advanced\Frontend\tests\3.Geek.robot:20
      Do Login    ${user}
      |  ${user} = {'name': 'Bags', 'lastname': 'Loli', 'email': 'bags.loli@gmail.com', 'password': 'Kika1234', 'geek_profile': {'whats': '11999999999', 'desc': 'Sou bom em abrir embalagem de pc, depois me esconder e arranhar ela. Eu já destruir inumeras embalagens, as vezes com a boca, as vezes com a unha, mas pode ficar tranquilo que eu sempre consigo!', 'printer_repair': 'Sim', 'work': 'Remoto', 'cost': '500'}} (dict)
    ~~~~~~~~~~~~~~~~~~~~~~~~~~~~~~~~~~~~~~~~~~~~~~~~~~~~~~~~~~~~~~~~~~~~~~~~~~
    File  D:\OneDrive - Novabase\Documents\1.AutomaticTests\robot_framework--advanced\Frontend\resources\0.default\Helpers.robot:23
      User shold Be Logged in    ${user}
      |  ${user} = {'name': 'Bags', 'lastname': 'Loli', 'email': 'bags.loli@gmail.com', 'password': 'Kika1234', 'geek_profile': {'whats': '11999999999', 'desc': 'Sou bom em abrir embalagem de pc, depois me esconder e arranhar ela. Eu já destruir inumeras embalagens, as vezes com a boca, as vezes com a unha, mas pode ficar tranquilo que eu sempre consigo!', 'printer_repair': 'Sim', 'work': 'Remoto', 'cost': '500'}} (dict)
    ~~~~~~~~~~~~~~~~~~~~~~~~~~~~~~~~~~~~~~~~~~~~~~~~~~~~~~~~~~~~~~~~~~~~~~~~~~
    File  D:\OneDrive - Novabase\Documents\1.AutomaticTests\robot_framework--advanced\Frontend\resources\2.signin\meta.robot:30
      Wait For Elements State    ${element_home}    visible    5
      |  ${element_home} = a[href="/profile"] (str)
______________________________________________________________________________
| FAIL |
TimeoutError: locator.waitFor: Timeout 5000ms exceeded.
=========================== logs ===========================
waiting for locator('a[href="/profile"]') to be visible
============================================================
Tip: Use "Set Browser Timeout" for increasing the timeout or double check your locator as the targeted element(s) couldn't be found.
------------------------------------------------------------------------------
Tests.3.Geek :: Geek Test Suite                                       | FAIL |
1 test, 0 passed, 1 failed
==============================================================================
Tests                                                                 | FAIL |
1 test, 0 passed, 1 failed
==============================================================================
Output:  D:\OneDrive - Novabase\Documents\1.AutomaticTests\robot_framework--advanced\Frontend\logs\pabot_results\2\output.xml
