==============================================================================
Tests                                                                         
==============================================================================
Tests.4.AttemptBeGeek :: Geek Attempt Test Suite                              
==============================================================================
Short desc                                                            | PASS |
------------------------------------------------------------------------------
Long desc                                                             | PASS |
------------------------------------------------------------------------------
Empty Desc                                                            | PASS |
------------------------------------------------------------------------------
All Number empty                                                      | PASS |
------------------------------------------------------------------------------
DDD empty                                                             | PASS |
------------------------------------------------------------------------------
Just Number empty                                                     | PASS |
------------------------------------------------------------------------------
Cost letters                                                          | PASS |
------------------------------------------------------------------------------
Cost Alpha                                                            | PASS |
------------------------------------------------------------------------------
Cost SpecialChars                                                     | PASS |
------------------------------------------------------------------------------
Empty Cost                                                            | PASS |
------------------------------------------------------------------------------
Tests.4.AttemptBeGeek :: Geek Attempt Test Suite                      | PASS |
10 tests, 10 passed, 0 failed
==============================================================================
Tests                                                                 | PASS |
10 tests, 10 passed, 0 failed
==============================================================================
Output:  D:\OneDrive - Novabase\Documents\1.AutomaticTests\robot_framework--advanced\Frontend\logs\pabot_results\3\output.xml
