==============================================================================
Tests                                                                         
==============================================================================
Tests.1.Signin :: Login test Suite                                            
==============================================================================
User Login                                                            | PASS |
------------------------------------------------------------------------------
Incorrect Pass                                                        | PASS |
------------------------------------------------------------------------------
Incorrect E-mail                                                      | PASS |
------------------------------------------------------------------------------
User not found                                                        | PASS |
------------------------------------------------------------------------------
Required Email                                                        | PASS |
------------------------------------------------------------------------------
Required Password                                                     | PASS |
------------------------------------------------------------------------------
Required Fields Login                                                 | PASS |
------------------------------------------------------------------------------
Tests.1.Signin :: Login test Suite                                    | PASS |
7 tests, 7 passed, 0 failed
==============================================================================
Tests                                                                 | PASS |
7 tests, 7 passed, 0 failed
==============================================================================
Output:  D:\OneDrive - Novabase\Documents\1.AutomaticTests\robot_framework--advanced\Frontend\logs\pabot_results\0\output.xml
